<?xml version="1.0" encoding="UTF-8"?>
<coverage generated="1766935245761" clover="3.2.0">
  <project timestamp="1766935245761" name="All files">
    <metrics statements="33" coveredstatements="33" conditionals="26" coveredconditionals="26" methods="7" coveredmethods="7" elements="66" coveredelements="66" complexity="0" loc="33" ncloc="33" packages="1" files="1" classes="1"/>
    <file name="apdu.ts" path="/Users/tomkp/github/tomkp/apdu/src/apdu.ts">
      <metrics statements="33" coveredstatements="33" conditionals="26" coveredconditionals="26" methods="7" coveredmethods="7"/>
      <line num="17" count="92" type="cond" truecount="3" falsecount="0"/>
      <line num="39" count="24" type="cond" truecount="4" falsecount="0"/>
      <line num="40" count="3" type="stmt"/>
      <line num="43" count="21" type="cond" truecount="1" falsecount="0"/>
      <line num="45" count="21" type="cond" truecount="2" falsecount="0"/>
      <line num="46" count="2" type="stmt"/>
      <line num="48" count="19" type="cond" truecount="2" falsecount="0"/>
      <line num="49" count="2" type="stmt"/>
      <line num="51" count="17" type="cond" truecount="2" falsecount="0"/>
      <line num="52" count="2" type="stmt"/>
      <line num="54" count="15" type="cond" truecount="2" falsecount="0"/>
      <line num="55" count="2" type="stmt"/>
      <line num="58" count="13" type="cond" truecount="2" falsecount="0"/>
      <line num="59" count="7" type="cond" truecount="2" falsecount="0"/>
      <line num="60" count="1" type="stmt"/>
      <line num="62" count="20" type="cond" truecount="2" falsecount="0"/>
      <line num="63" count="2" type="stmt"/>
      <line num="67" count="10" type="stmt"/>
      <line num="68" count="10" type="stmt"/>
      <line num="69" count="10" type="stmt"/>
      <line num="70" count="10" type="stmt"/>
      <line num="71" count="10" type="stmt"/>
      <line num="72" count="10" type="stmt"/>
      <line num="74" count="10" type="cond" truecount="2" falsecount="0"/>
      <line num="75" count="4" type="stmt"/>
      <line num="78" count="10" type="stmt"/>
      <line num="80" count="10" type="cond" truecount="2" falsecount="0"/>
      <line num="81" count="4" type="stmt"/>
      <line num="82" count="4" type="stmt"/>
      <line num="84" count="10" type="stmt"/>
      <line num="91" count="13" type="stmt"/>
      <line num="98" count="5" type="stmt"/>
      <line num="105" count="1" type="stmt"/>
    </file>
  </project>
</coverage>
