{"/Users/tomkp/github/tomkp/apdu/src/apdu.ts": {"path":"/Users/tomkp/github/tomkp/apdu/src/apdu.ts","statementMap":{"0":{"start":{"line":17,"column":2},"end":{"line":17,"column":null}},"1":{"start":{"line":39,"column":4},"end":{"line":41,"column":null}},"2":{"start":{"line":40,"column":6},"end":{"line":40,"column":null}},"3":{"start":{"line":43,"column":47},"end":{"line":43,"column":null}},"4":{"start":{"line":45,"column":4},"end":{"line":47,"column":null}},"5":{"start":{"line":46,"column":6},"end":{"line":46,"column":null}},"6":{"start":{"line":48,"column":4},"end":{"line":50,"column":null}},"7":{"start":{"line":49,"column":6},"end":{"line":49,"column":null}},"8":{"start":{"line":51,"column":4},"end":{"line":53,"column":null}},"9":{"start":{"line":52,"column":6},"end":{"line":52,"column":null}},"10":{"start":{"line":54,"column":4},"end":{"line":56,"column":null}},"11":{"start":{"line":55,"column":6},"end":{"line":55,"column":null}},"12":{"start":{"line":58,"column":4},"end":{"line":65,"column":null}},"13":{"start":{"line":59,"column":6},"end":{"line":61,"column":null}},"14":{"start":{"line":60,"column":8},"end":{"line":60,"column":null}},"15":{"start":{"line":62,"column":6},"end":{"line":64,"column":null}},"16":{"start":{"line":62,"column":27},"end":{"line":62,"column":42}},"17":{"start":{"line":63,"column":8},"end":{"line":63,"column":null}},"18":{"start":{"line":67,"column":4},"end":{"line":67,"column":null}},"19":{"start":{"line":68,"column":4},"end":{"line":68,"column":null}},"20":{"start":{"line":69,"column":4},"end":{"line":69,"column":null}},"21":{"start":{"line":70,"column":4},"end":{"line":70,"column":null}},"22":{"start":{"line":71,"column":4},"end":{"line":71,"column":null}},"23":{"start":{"line":72,"column":4},"end":{"line":72,"column":null}},"24":{"start":{"line":74,"column":4},"end":{"line":76,"column":null}},"25":{"start":{"line":75,"column":6},"end":{"line":75,"column":null}},"26":{"start":{"line":78,"column":4},"end":{"line":78,"column":null}},"27":{"start":{"line":80,"column":4},"end":{"line":83,"column":null}},"28":{"start":{"line":81,"column":6},"end":{"line":81,"column":null}},"29":{"start":{"line":82,"column":6},"end":{"line":82,"column":null}},"30":{"start":{"line":84,"column":4},"end":{"line":84,"column":null}},"31":{"start":{"line":91,"column":4},"end":{"line":91,"column":null}},"32":{"start":{"line":91,"column":33},"end":{"line":91,"column":64}},"33":{"start":{"line":98,"column":4},"end":{"line":98,"column":null}},"34":{"start":{"line":105,"column":4},"end":{"line":105,"column":null}}},"fnMap":{"0":{"name":"isValidByte","decl":{"start":{"line":16,"column":9},"end":{"line":16,"column":21}},"loc":{"start":{"line":16,"column":54},"end":{"line":18,"column":null}},"line":16},"1":{"name":"(anonymous_1)","decl":{"start":{"line":38,"column":2},"end":{"line":38,"column":14}},"loc":{"start":{"line":38,"column":36},"end":{"line":85,"column":null}},"line":38},"2":{"name":"(anonymous_2)","decl":{"start":{"line":62,"column":20},"end":{"line":62,"column":21}},"loc":{"start":{"line":62,"column":27},"end":{"line":62,"column":42}},"line":62},"3":{"name":"(anonymous_3)","decl":{"start":{"line":90,"column":2},"end":{"line":90,"column":21}},"loc":{"start":{"line":90,"column":21},"end":{"line":92,"column":null}},"line":90},"4":{"name":"(anonymous_4)","decl":{"start":{"line":91,"column":26},"end":{"line":91,"column":27}},"loc":{"start":{"line":91,"column":33},"end":{"line":91,"column":64}},"line":91},"5":{"name":"(anonymous_5)","decl":{"start":{"line":97,"column":2},"end":{"line":97,"column":26}},"loc":{"start":{"line":97,"column":26},"end":{"line":99,"column":null}},"line":97},"6":{"name":"(anonymous_6)","decl":{"start":{"line":104,"column":2},"end":{"line":104,"column":21}},"loc":{"start":{"line":104,"column":21},"end":{"line":106,"column":null}},"line":104}},"branchMap":{"0":{"loc":{"start":{"line":17,"column":9},"end":{"line":17,"column":null}},"type":"binary-expr","locations":[{"start":{"line":17,"column":9},"end":{"line":17,"column":38}},{"start":{"line":17,"column":38},"end":{"line":17,"column":52}},{"start":{"line":17,"column":52},"end":{"line":17,"column":null}}],"line":17},"1":{"loc":{"start":{"line":39,"column":4},"end":{"line":41,"column":null}},"type":"if","locations":[{"start":{"line":39,"column":4},"end":{"line":41,"column":null}},{"start":{},"end":{}}],"line":39},"2":{"loc":{"start":{"line":39,"column":8},"end":{"line":39,"column":49}},"type":"binary-expr","locations":[{"start":{"line":39,"column":8},"end":{"line":39,"column":20}},{"start":{"line":39,"column":20},"end":{"line":39,"column":49}}],"line":39},"3":{"loc":{"start":{"line":43,"column":36},"end":{"line":43,"column":43}},"type":"default-arg","locations":[{"start":{"line":43,"column":41},"end":{"line":43,"column":43}}],"line":43},"4":{"loc":{"start":{"line":45,"column":4},"end":{"line":47,"column":null}},"type":"if","locations":[{"start":{"line":45,"column":4},"end":{"line":47,"column":null}},{"start":{},"end":{}}],"line":45},"5":{"loc":{"start":{"line":48,"column":4},"end":{"line":50,"column":null}},"type":"if","locations":[{"start":{"line":48,"column":4},"end":{"line":50,"column":null}},{"start":{},"end":{}}],"line":48},"6":{"loc":{"start":{"line":51,"column":4},"end":{"line":53,"column":null}},"type":"if","locations":[{"start":{"line":51,"column":4},"end":{"line":53,"column":null}},{"start":{},"end":{}}],"line":51},"7":{"loc":{"start":{"line":54,"column":4},"end":{"line":56,"column":null}},"type":"if","locations":[{"start":{"line":54,"column":4},"end":{"line":56,"column":null}},{"start":{},"end":{}}],"line":54},"8":{"loc":{"start":{"line":58,"column":4},"end":{"line":65,"column":null}},"type":"if","locations":[{"start":{"line":58,"column":4},"end":{"line":65,"column":null}},{"start":{},"end":{}}],"line":58},"9":{"loc":{"start":{"line":59,"column":6},"end":{"line":61,"column":null}},"type":"if","locations":[{"start":{"line":59,"column":6},"end":{"line":61,"column":null}},{"start":{},"end":{}}],"line":59},"10":{"loc":{"start":{"line":62,"column":6},"end":{"line":64,"column":null}},"type":"if","locations":[{"start":{"line":62,"column":6},"end":{"line":64,"column":null}},{"start":{},"end":{}}],"line":62},"11":{"loc":{"start":{"line":74,"column":4},"end":{"line":76,"column":null}},"type":"if","locations":[{"start":{"line":74,"column":4},"end":{"line":76,"column":null}},{"start":{},"end":{}}],"line":74},"12":{"loc":{"start":{"line":80,"column":4},"end":{"line":83,"column":null}},"type":"if","locations":[{"start":{"line":80,"column":4},"end":{"line":83,"column":null}},{"start":{},"end":{}}],"line":80}},"s":{"0":92,"1":24,"2":3,"3":21,"4":21,"5":2,"6":19,"7":2,"8":17,"9":2,"10":15,"11":2,"12":13,"13":7,"14":1,"15":6,"16":20,"17":2,"18":10,"19":10,"20":10,"21":10,"22":10,"23":10,"24":10,"25":4,"26":10,"27":10,"28":4,"29":4,"30":10,"31":2,"32":13,"33":5,"34":1},"f":{"0":92,"1":24,"2":20,"3":2,"4":13,"5":5,"6":1},"b":{"0":[92,92,87],"1":[3,21],"2":[24,22],"3":[21],"4":[2,19],"5":[2,17],"6":[2,15],"7":[2,13],"8":[7,6],"9":[1,6],"10":[2,4],"11":[4,6],"12":[4,6]},"meta":{"lastBranch":13,"lastFunction":7,"lastStatement":35,"seen":{"f:16:9:16:21":0,"s:17:2:17:Infinity":0,"b:17:9:17:38:17:38:17:52:17:52:17:Infinity":0,"f:38:2:38:14":1,"b:39:4:41:Infinity:undefined:undefined:undefined:undefined":1,"s:39:4:41:Infinity":1,"b:39:8:39:20:39:20:39:49":2,"s:40:6:40:Infinity":2,"s:43:47:43:Infinity":3,"b:43:41:43:43":3,"b:45:4:47:Infinity:undefined:undefined:undefined:undefined":4,"s:45:4:47:Infinity":4,"s:46:6:46:Infinity":5,"b:48:4:50:Infinity:undefined:undefined:undefined:undefined":5,"s:48:4:50:Infinity":6,"s:49:6:49:Infinity":7,"b:51:4:53:Infinity:undefined:undefined:undefined:undefined":6,"s:51:4:53:Infinity":8,"s:52:6:52:Infinity":9,"b:54:4:56:Infinity:undefined:undefined:undefined:undefined":7,"s:54:4:56:Infinity":10,"s:55:6:55:Infinity":11,"b:58:4:65:Infinity:undefined:undefined:undefined:undefined":8,"s:58:4:65:Infinity":12,"b:59:6:61:Infinity:undefined:undefined:undefined:undefined":9,"s:59:6:61:Infinity":13,"s:60:8:60:Infinity":14,"b:62:6:64:Infinity:undefined:undefined:undefined:undefined":10,"s:62:6:64:Infinity":15,"f:62:20:62:21":2,"s:62:27:62:42":16,"s:63:8:63:Infinity":17,"s:67:4:67:Infinity":18,"s:68:4:68:Infinity":19,"s:69:4:69:Infinity":20,"s:70:4:70:Infinity":21,"s:71:4:71:Infinity":22,"s:72:4:72:Infinity":23,"b:74:4:76:Infinity:undefined:undefined:undefined:undefined":11,"s:74:4:76:Infinity":24,"s:75:6:75:Infinity":25,"s:78:4:78:Infinity":26,"b:80:4:83:Infinity:undefined:undefined:undefined:undefined":12,"s:80:4:83:Infinity":27,"s:81:6:81:Infinity":28,"s:82:6:82:Infinity":29,"s:84:4:84:Infinity":30,"f:90:2:90:21":3,"s:91:4:91:Infinity":31,"f:91:26:91:27":4,"s:91:33:91:64":32,"f:97:2:97:26":5,"s:98:4:98:Infinity":33,"f:104:2:104:21":6,"s:105:4:105:Infinity":34}}}
}
